<?xml version="1.0" encoding="UTF-8"?>
<testsuite xmlns:xsi="http://www.w3.org/2001/XMLSchema-instance" xsi:noNamespaceSchemaLocation="https://maven.apache.org/surefire/maven-surefire-plugin/xsd/surefire-test-report-3.0.xsd" version="3.0" name="TestSuite" time="36.874" tests="1" errors="0" skipped="0" failures="0">
  <properties>
    <property name="sun.desktop" value="gnome"/>
    <property name="awt.toolkit" value="sun.awt.X11.XToolkit"/>
    <property name="file.encoding.pkg" value="sun.io"/>
    <property name="java.specification.version" value="1.8"/>
    <property name="webdriver.chrome.driver" value="/home/sakthi/IdeaProjects/flipkart-automation/src/main/resources/chromedriver"/>
    <property name="sun.cpu.isalist" value=""/>
    <property name="sun.jnu.encoding" value="UTF-8"/>
    <property name="java.class.path" value="/home/sakthi/IdeaProjects/flipkart-automation/target/test-classes:/home/sakthi/IdeaProjects/flipkart-automation/target/classes:/home/sakthi/.m2/repository/org/testng/testng/7.3.0/testng-7.3.0.jar:/home/sakthi/.m2/repository/com/beust/jcommander/1.78/jcommander-1.78.jar:/home/sakthi/.m2/repository/org/apache/ant/ant/1.10.3/ant-1.10.3.jar:/home/sakthi/.m2/repository/org/apache/ant/ant-launcher/1.10.3/ant-launcher-1.10.3.jar:/home/sakthi/.m2/repository/junit/junit/4.12/junit-4.12.jar:/home/sakthi/.m2/repository/org/hamcrest/hamcrest-core/1.3/hamcrest-core-1.3.jar:/home/sakthi/.m2/repository/com/google/inject/guice/4.2.2/guice-4.2.2-no_aop.jar:/home/sakthi/.m2/repository/javax/inject/javax.inject/1/javax.inject-1.jar:/home/sakthi/.m2/repository/aopalliance/aopalliance/1.0/aopalliance-1.0.jar:/home/sakthi/.m2/repository/org/yaml/snakeyaml/1.21/snakeyaml-1.21.jar:/home/sakthi/.m2/repository/org/seleniumhq/selenium/selenium-java/3.141.59/selenium-java-3.141.59.jar:/home/sakthi/.m2/repository/org/seleniumhq/selenium/selenium-api/3.141.59/selenium-api-3.141.59.jar:/home/sakthi/.m2/repository/org/seleniumhq/selenium/selenium-chrome-driver/3.141.59/selenium-chrome-driver-3.141.59.jar:/home/sakthi/.m2/repository/org/seleniumhq/selenium/selenium-edge-driver/3.141.59/selenium-edge-driver-3.141.59.jar:/home/sakthi/.m2/repository/org/seleniumhq/selenium/selenium-firefox-driver/3.141.59/selenium-firefox-driver-3.141.59.jar:/home/sakthi/.m2/repository/org/seleniumhq/selenium/selenium-ie-driver/3.141.59/selenium-ie-driver-3.141.59.jar:/home/sakthi/.m2/repository/org/seleniumhq/selenium/selenium-opera-driver/3.141.59/selenium-opera-driver-3.141.59.jar:/home/sakthi/.m2/repository/org/seleniumhq/selenium/selenium-remote-driver/3.141.59/selenium-remote-driver-3.141.59.jar:/home/sakthi/.m2/repository/org/seleniumhq/selenium/selenium-safari-driver/3.141.59/selenium-safari-driver-3.141.59.jar:/home/sakthi/.m2/repository/org/seleniumhq/selenium/selenium-support/3.141.59/selenium-support-3.141.59.jar:/home/sakthi/.m2/repository/net/bytebuddy/byte-buddy/1.8.15/byte-buddy-1.8.15.jar:/home/sakthi/.m2/repository/org/apache/commons/commons-exec/1.3/commons-exec-1.3.jar:/home/sakthi/.m2/repository/com/google/guava/guava/25.0-jre/guava-25.0-jre.jar:/home/sakthi/.m2/repository/com/google/code/findbugs/jsr305/1.3.9/jsr305-1.3.9.jar:/home/sakthi/.m2/repository/org/checkerframework/checker-compat-qual/2.0.0/checker-compat-qual-2.0.0.jar:/home/sakthi/.m2/repository/com/google/errorprone/error_prone_annotations/2.1.3/error_prone_annotations-2.1.3.jar:/home/sakthi/.m2/repository/com/google/j2objc/j2objc-annotations/1.1/j2objc-annotations-1.1.jar:/home/sakthi/.m2/repository/org/codehaus/mojo/animal-sniffer-annotations/1.14/animal-sniffer-annotations-1.14.jar:/home/sakthi/.m2/repository/com/squareup/okhttp3/okhttp/3.11.0/okhttp-3.11.0.jar:/home/sakthi/.m2/repository/com/squareup/okio/okio/1.14.0/okio-1.14.0.jar:/home/sakthi/.m2/repository/org/seleniumhq/selenium/selenium-htmlunit-driver/2.52.0/selenium-htmlunit-driver-2.52.0.jar:/home/sakthi/.m2/repository/net/sourceforge/htmlunit/htmlunit/2.18/htmlunit-2.18.jar:/home/sakthi/.m2/repository/xalan/xalan/2.7.2/xalan-2.7.2.jar:/home/sakthi/.m2/repository/xalan/serializer/2.7.2/serializer-2.7.2.jar:/home/sakthi/.m2/repository/org/apache/commons/commons-lang3/3.4/commons-lang3-3.4.jar:/home/sakthi/.m2/repository/org/apache/httpcomponents/httpmime/4.5/httpmime-4.5.jar:/home/sakthi/.m2/repository/commons-codec/commons-codec/1.10/commons-codec-1.10.jar:/home/sakthi/.m2/repository/net/sourceforge/htmlunit/htmlunit-core-js/2.17/htmlunit-core-js-2.17.jar:/home/sakthi/.m2/repository/xerces/xercesImpl/2.11.0/xercesImpl-2.11.0.jar:/home/sakthi/.m2/repository/xml-apis/xml-apis/1.4.01/xml-apis-1.4.01.jar:/home/sakthi/.m2/repository/net/sourceforge/nekohtml/nekohtml/1.9.22/nekohtml-1.9.22.jar:/home/sakthi/.m2/repository/net/sourceforge/cssparser/cssparser/0.9.16/cssparser-0.9.16.jar:/home/sakthi/.m2/repository/org/w3c/css/sac/1.3/sac-1.3.jar:/home/sakthi/.m2/repository/commons-logging/commons-logging/1.2/commons-logging-1.2.jar:/home/sakthi/.m2/repository/org/eclipse/jetty/websocket/websocket-client/9.2.12.v20150709/websocket-client-9.2.12.v20150709.jar:/home/sakthi/.m2/repository/org/eclipse/jetty/jetty-util/9.2.12.v20150709/jetty-util-9.2.12.v20150709.jar:/home/sakthi/.m2/repository/org/eclipse/jetty/jetty-io/9.2.12.v20150709/jetty-io-9.2.12.v20150709.jar:/home/sakthi/.m2/repository/org/eclipse/jetty/websocket/websocket-common/9.2.12.v20150709/websocket-common-9.2.12.v20150709.jar:/home/sakthi/.m2/repository/org/eclipse/jetty/websocket/websocket-api/9.2.12.v20150709/websocket-api-9.2.12.v20150709.jar:/home/sakthi/.m2/repository/commons-collections/commons-collections/3.2.2/commons-collections-3.2.2.jar:/home/sakthi/.m2/repository/org/apache/httpcomponents/httpclient/4.5.1/httpclient-4.5.1.jar:/home/sakthi/.m2/repository/org/apache/httpcomponents/httpcore/4.4.3/httpcore-4.4.3.jar:/home/sakthi/.m2/repository/com/aventstack/extentreports/5.0.5/extentreports-5.0.5.jar:/home/sakthi/.m2/repository/io/reactivex/rxjava3/rxjava/3.0.4/rxjava-3.0.4.jar:/home/sakthi/.m2/repository/org/reactivestreams/reactive-streams/1.0.3/reactive-streams-1.0.3.jar:/home/sakthi/.m2/repository/org/freemarker/freemarker/2.3.30/freemarker-2.3.30.jar:/home/sakthi/.m2/repository/org/projectlombok/lombok/1.18.12/lombok-1.18.12.jar:/home/sakthi/.m2/repository/com/google/code/gson/gson/2.8.6/gson-2.8.6.jar:/home/sakthi/.m2/repository/commons-io/commons-io/2.8.0/commons-io-2.8.0.jar:/home/sakthi/.m2/repository/org/apache/logging/log4j/log4j-api/2.14.0/log4j-api-2.14.0.jar:/home/sakthi/.m2/repository/org/apache/logging/log4j/log4j-core/2.14.0/log4j-core-2.14.0.jar:"/>
    <property name="java.vm.vendor" value="Private Build"/>
    <property name="sun.arch.data.model" value="64"/>
    <property name="java.vendor.url" value="http://java.oracle.com/"/>
    <property name="user.timezone" value="Asia/Kolkata"/>
    <property name="java.vm.specification.version" value="1.8"/>
    <property name="os.name" value="Linux"/>
    <property name="user.country" value="IN"/>
    <property name="sun.java.launcher" value="SUN_STANDARD"/>
    <property name="sun.boot.library.path" value="/usr/lib/jvm/java-8-openjdk-amd64/jre/lib/amd64"/>
    <property name="sun.java.command" value="/home/sakthi/IdeaProjects/flipkart-automation/target/surefire/surefirebooter5880078105470814775.jar /home/sakthi/IdeaProjects/flipkart-automation/target/surefire 2021-02-03T11-04-12_736-jvmRun1 surefire2890101373572638962tmp surefire_02315295621318509544tmp"/>
    <property name="surefire.test.class.path" value="/home/sakthi/IdeaProjects/flipkart-automation/target/test-classes:/home/sakthi/IdeaProjects/flipkart-automation/target/classes:/home/sakthi/.m2/repository/org/testng/testng/7.3.0/testng-7.3.0.jar:/home/sakthi/.m2/repository/com/beust/jcommander/1.78/jcommander-1.78.jar:/home/sakthi/.m2/repository/org/apache/ant/ant/1.10.3/ant-1.10.3.jar:/home/sakthi/.m2/repository/org/apache/ant/ant-launcher/1.10.3/ant-launcher-1.10.3.jar:/home/sakthi/.m2/repository/junit/junit/4.12/junit-4.12.jar:/home/sakthi/.m2/repository/org/hamcrest/hamcrest-core/1.3/hamcrest-core-1.3.jar:/home/sakthi/.m2/repository/com/google/inject/guice/4.2.2/guice-4.2.2-no_aop.jar:/home/sakthi/.m2/repository/javax/inject/javax.inject/1/javax.inject-1.jar:/home/sakthi/.m2/repository/aopalliance/aopalliance/1.0/aopalliance-1.0.jar:/home/sakthi/.m2/repository/org/yaml/snakeyaml/1.21/snakeyaml-1.21.jar:/home/sakthi/.m2/repository/org/seleniumhq/selenium/selenium-java/3.141.59/selenium-java-3.141.59.jar:/home/sakthi/.m2/repository/org/seleniumhq/selenium/selenium-api/3.141.59/selenium-api-3.141.59.jar:/home/sakthi/.m2/repository/org/seleniumhq/selenium/selenium-chrome-driver/3.141.59/selenium-chrome-driver-3.141.59.jar:/home/sakthi/.m2/repository/org/seleniumhq/selenium/selenium-edge-driver/3.141.59/selenium-edge-driver-3.141.59.jar:/home/sakthi/.m2/repository/org/seleniumhq/selenium/selenium-firefox-driver/3.141.59/selenium-firefox-driver-3.141.59.jar:/home/sakthi/.m2/repository/org/seleniumhq/selenium/selenium-ie-driver/3.141.59/selenium-ie-driver-3.141.59.jar:/home/sakthi/.m2/repository/org/seleniumhq/selenium/selenium-opera-driver/3.141.59/selenium-opera-driver-3.141.59.jar:/home/sakthi/.m2/repository/org/seleniumhq/selenium/selenium-remote-driver/3.141.59/selenium-remote-driver-3.141.59.jar:/home/sakthi/.m2/repository/org/seleniumhq/selenium/selenium-safari-driver/3.141.59/selenium-safari-driver-3.141.59.jar:/home/sakthi/.m2/repository/org/seleniumhq/selenium/selenium-support/3.141.59/selenium-support-3.141.59.jar:/home/sakthi/.m2/repository/net/bytebuddy/byte-buddy/1.8.15/byte-buddy-1.8.15.jar:/home/sakthi/.m2/repository/org/apache/commons/commons-exec/1.3/commons-exec-1.3.jar:/home/sakthi/.m2/repository/com/google/guava/guava/25.0-jre/guava-25.0-jre.jar:/home/sakthi/.m2/repository/com/google/code/findbugs/jsr305/1.3.9/jsr305-1.3.9.jar:/home/sakthi/.m2/repository/org/checkerframework/checker-compat-qual/2.0.0/checker-compat-qual-2.0.0.jar:/home/sakthi/.m2/repository/com/google/errorprone/error_prone_annotations/2.1.3/error_prone_annotations-2.1.3.jar:/home/sakthi/.m2/repository/com/google/j2objc/j2objc-annotations/1.1/j2objc-annotations-1.1.jar:/home/sakthi/.m2/repository/org/codehaus/mojo/animal-sniffer-annotations/1.14/animal-sniffer-annotations-1.14.jar:/home/sakthi/.m2/repository/com/squareup/okhttp3/okhttp/3.11.0/okhttp-3.11.0.jar:/home/sakthi/.m2/repository/com/squareup/okio/okio/1.14.0/okio-1.14.0.jar:/home/sakthi/.m2/repository/org/seleniumhq/selenium/selenium-htmlunit-driver/2.52.0/selenium-htmlunit-driver-2.52.0.jar:/home/sakthi/.m2/repository/net/sourceforge/htmlunit/htmlunit/2.18/htmlunit-2.18.jar:/home/sakthi/.m2/repository/xalan/xalan/2.7.2/xalan-2.7.2.jar:/home/sakthi/.m2/repository/xalan/serializer/2.7.2/serializer-2.7.2.jar:/home/sakthi/.m2/repository/org/apache/commons/commons-lang3/3.4/commons-lang3-3.4.jar:/home/sakthi/.m2/repository/org/apache/httpcomponents/httpmime/4.5/httpmime-4.5.jar:/home/sakthi/.m2/repository/commons-codec/commons-codec/1.10/commons-codec-1.10.jar:/home/sakthi/.m2/repository/net/sourceforge/htmlunit/htmlunit-core-js/2.17/htmlunit-core-js-2.17.jar:/home/sakthi/.m2/repository/xerces/xercesImpl/2.11.0/xercesImpl-2.11.0.jar:/home/sakthi/.m2/repository/xml-apis/xml-apis/1.4.01/xml-apis-1.4.01.jar:/home/sakthi/.m2/repository/net/sourceforge/nekohtml/nekohtml/1.9.22/nekohtml-1.9.22.jar:/home/sakthi/.m2/repository/net/sourceforge/cssparser/cssparser/0.9.16/cssparser-0.9.16.jar:/home/sakthi/.m2/repository/org/w3c/css/sac/1.3/sac-1.3.jar:/home/sakthi/.m2/repository/commons-logging/commons-logging/1.2/commons-logging-1.2.jar:/home/sakthi/.m2/repository/org/eclipse/jetty/websocket/websocket-client/9.2.12.v20150709/websocket-client-9.2.12.v20150709.jar:/home/sakthi/.m2/repository/org/eclipse/jetty/jetty-util/9.2.12.v20150709/jetty-util-9.2.12.v20150709.jar:/home/sakthi/.m2/repository/org/eclipse/jetty/jetty-io/9.2.12.v20150709/jetty-io-9.2.12.v20150709.jar:/home/sakthi/.m2/repository/org/eclipse/jetty/websocket/websocket-common/9.2.12.v20150709/websocket-common-9.2.12.v20150709.jar:/home/sakthi/.m2/repository/org/eclipse/jetty/websocket/websocket-api/9.2.12.v20150709/websocket-api-9.2.12.v20150709.jar:/home/sakthi/.m2/repository/commons-collections/commons-collections/3.2.2/commons-collections-3.2.2.jar:/home/sakthi/.m2/repository/org/apache/httpcomponents/httpclient/4.5.1/httpclient-4.5.1.jar:/home/sakthi/.m2/repository/org/apache/httpcomponents/httpcore/4.4.3/httpcore-4.4.3.jar:/home/sakthi/.m2/repository/com/aventstack/extentreports/5.0.5/extentreports-5.0.5.jar:/home/sakthi/.m2/repository/io/reactivex/rxjava3/rxjava/3.0.4/rxjava-3.0.4.jar:/home/sakthi/.m2/repository/org/reactivestreams/reactive-streams/1.0.3/reactive-streams-1.0.3.jar:/home/sakthi/.m2/repository/org/freemarker/freemarker/2.3.30/freemarker-2.3.30.jar:/home/sakthi/.m2/repository/org/projectlombok/lombok/1.18.12/lombok-1.18.12.jar:/home/sakthi/.m2/repository/com/google/code/gson/gson/2.8.6/gson-2.8.6.jar:/home/sakthi/.m2/repository/commons-io/commons-io/2.8.0/commons-io-2.8.0.jar:/home/sakthi/.m2/repository/org/apache/logging/log4j/log4j-api/2.14.0/log4j-api-2.14.0.jar:/home/sakthi/.m2/repository/org/apache/logging/log4j/log4j-core/2.14.0/log4j-core-2.14.0.jar:"/>
    <property name="sun.cpu.endian" value="little"/>
    <property name="user.home" value="/home/sakthi"/>
    <property name="user.language" value="en"/>
    <property name="java.specification.vendor" value="Oracle Corporation"/>
    <property name="java.home" value="/usr/lib/jvm/java-8-openjdk-amd64/jre"/>
    <property name="basedir" value="/home/sakthi/IdeaProjects/flipkart-automation"/>
    <property name="file.separator" value="/"/>
    <property name="line.separator" value="&#10;"/>
    <property name="java.vm.specification.vendor" value="Oracle Corporation"/>
    <property name="java.specification.name" value="Java Platform API Specification"/>
    <property name="java.awt.graphicsenv" value="sun.awt.X11GraphicsEnvironment"/>
    <property name="surefire.real.class.path" value="/home/sakthi/IdeaProjects/flipkart-automation/target/surefire/surefirebooter5880078105470814775.jar"/>
    <property name="sun.boot.class.path" value="/usr/lib/jvm/java-8-openjdk-amd64/jre/lib/resources.jar:/usr/lib/jvm/java-8-openjdk-amd64/jre/lib/rt.jar:/usr/lib/jvm/java-8-openjdk-amd64/jre/lib/sunrsasign.jar:/usr/lib/jvm/java-8-openjdk-amd64/jre/lib/jsse.jar:/usr/lib/jvm/java-8-openjdk-amd64/jre/lib/jce.jar:/usr/lib/jvm/java-8-openjdk-amd64/jre/lib/charsets.jar:/usr/lib/jvm/java-8-openjdk-amd64/jre/lib/jfr.jar:/usr/lib/jvm/java-8-openjdk-amd64/jre/classes"/>
    <property name="sun.management.compiler" value="HotSpot 64-Bit Tiered Compilers"/>
    <property name="java.runtime.version" value="1.8.0_275-8u275-b01-0ubuntu1~18.04-b01"/>
    <property name="user.name" value="sakthi"/>
    <property name="path.separator" value=":"/>
    <property name="os.version" value="5.4.0-62-generic"/>
    <property name="java.endorsed.dirs" value="/usr/lib/jvm/java-8-openjdk-amd64/jre/lib/endorsed"/>
    <property name="java.runtime.name" value="OpenJDK Runtime Environment"/>
    <property name="file.encoding" value="UTF-8"/>
    <property name="java.vm.name" value="OpenJDK 64-Bit Server VM"/>
    <property name="localRepository" value="/home/sakthi/.m2/repository"/>
    <property name="java.vendor.url.bug" value="http://bugreport.sun.com/bugreport/"/>
    <property name="java.io.tmpdir" value="/tmp"/>
    <property name="idea.version" value="2020.3.2"/>
    <property name="java.version" value="1.8.0_275"/>
    <property name="user.dir" value="/home/sakthi/IdeaProjects/flipkart-automation"/>
    <property name="os.arch" value="amd64"/>
    <property name="java.vm.specification.name" value="Java Virtual Machine Specification"/>
    <property name="java.awt.printerjob" value="sun.print.PSPrinterJob"/>
    <property name="sun.os.patch.level" value="unknown"/>
    <property name="java.library.path" value="/usr/java/packages/lib/amd64:/usr/lib/x86_64-linux-gnu/jni:/lib/x86_64-linux-gnu:/usr/lib/x86_64-linux-gnu:/usr/lib/jni:/lib:/usr/lib"/>
    <property name="java.vm.info" value="mixed mode"/>
    <property name="java.vendor" value="Private Build"/>
    <property name="java.vm.version" value="25.275-b01"/>
    <property name="java.ext.dirs" value="/usr/lib/jvm/java-8-openjdk-amd64/jre/lib/ext:/usr/java/packages/lib/ext"/>
    <property name="sun.io.unicode.encoding" value="UnicodeLittle"/>
    <property name="java.class.version" value="52.0"/>
  </properties>
  <testcase name="orderFlow" classname="webAutomation.testCases.PurchaseFlow" time="32.688">
    <system-err><![CDATA[Starting ChromeDriver 87.0.4280.88 (89e2380a3e36c3464b5dd1302349b1382549290d-refs/branch-heads/4280@{#1761}) on port 11008
Only local connections are allowed.
Please see https://chromedriver.chromium.org/security-considerations for suggestions on keeping ChromeDriver safe.
ChromeDriver was started successfully.
Feb 03, 2021 11:04:17 AM org.openqa.selenium.remote.ProtocolHandshake createSession
INFO: Detected dialect: W3C
]]></system-err>
  </testcase>
</testsuite>