<?xml version="1.0" encoding="UTF-8"?>
<!-- Generated by org.testng.reporters.JUnitReportReporter -->
<testsuite skipped="0" hostname="healthi" name="webAutomation.testCases.PurchaseFlow" tests="1" failures="0" timestamp="2021-02-03T11:04:50 IST" time="32.760" errors="0">
  <testcase name="orderFlow" time="32.760" classname="webAutomation.testCases.PurchaseFlow"/>
  <system-out/>
</testsuite> <!-- webAutomation.testCases.PurchaseFlow -->
